[LOG] System::create                           : Header version = 2.00.00. Current version = 2.00.00.
[LOG] Manager::init                            : maxchannels = 256 studioflags = 00000006 flags 00000000 extradriverdata 0x0.
[LOG] SystemI::init                            : Initialize version=20000 (101145), maxchannels=256, flags=0x00020000
[LOG] SystemI::setOutputInternal               : Setting output to 'FMOD Core Audio Output'
[LOG] OutputCoreAudio::init                    : Output running 2 channels at 96000Hz sample rate.
[LOG] OutputCoreAudio::init                    : Maximum hardware read size: 1024 samples, Software buffer size: 512 samples, Number of software buffers: 4.
[WRN] SystemI::init                            : Output requires a sample rate of 96000Hz, resampling will occur.
[LOG] Thread::initThread                       : Init FMOD stream thread. Priority: 2, Stack Size: 65536, Semaphore: No, Sleep Time: 10, Looping: Yes.
[LOG] Thread::initThread                       : Init FMOD mixer thread. Priority: 3, Stack Size: 49152, Semaphore: Yes, Sleep Time: 0, Looping: Yes.
[LOG] AsyncManager::init                       : manager 0x7f9cb9f42208 isAsync 0 updatePeriod 0.02
[LOG] AsyncManager::init                       : done
[LOG] PlaybackSystem::init                     : 
[LOG] Thread::initThread                       : Init FMOD Studio sample load thread. Priority: 0, Stack Size: 65536, Semaphore: No, Sleep Time: 1, Looping: No.
[LOG] PlaybackSystem::init                     : done
[LOG] Thread::initThread                       : Init FMOD Studio bank load thread. Priority: 0, Stack Size: 65536, Semaphore: No, Sleep Time: 1, Looping: No.
[LOG] Manager::init                            : done.
[LOG] Manager::readBank                        : fileversion = 119, compatVersion = 119 (oldest = 44, newest = 119)
[LOG] SystemI::createSoundInternal             : Create name='', mode=0x02000202
[LOG] SystemI::createSoundInternal             : exinfo->cbsize             = 224
[LOG] SystemI::createSoundInternal             : exinfo->length             = 2876032
[LOG] SystemI::createSoundInternal             : exinfo->fileoffset         = 27136
[LOG] SystemI::createSoundInternal             : exinfo->numsubsounds       = 1
[LOG] SystemI::createSoundInternal             : exinfo->inclusionlist      = 0x700001ec78cc
[LOG] SystemI::createSoundInternal             : exinfo->inclusionlistnum   = 1
[LOG] SystemI::createSoundInternal             : exinfo->suggestedsoundtype = 5
[LOG] SystemI::createSoundInternal             : exinfo->useropen           = 0x142c4ad46
[LOG] SystemI::createSoundInternal             : exinfo->userclose          = 0x142c4adfd
[LOG] SystemI::createSoundInternal             : exinfo->userread           = 0x142c4ae2d
[LOG] SystemI::createSoundInternal             : exinfo->userseek           = 0x142c4aece
[LOG] SystemI::createSoundInternal             : exinfo->fileuserdata       = 0x7f9cb8cc9428
[LOG] SystemI::createSoundInternal             : exinfo->initialseekpostype = 1
[LOG] SystemI::DSPCodecPoolRegister            : register codec pool for pool type 5
[LOG] SystemI::createSoundInternal             : Sample 0/1: name='Land 3', format=2, channels=2, frequency=48000, lengthbytes=3456, lengthpcm=13500, pcmblocksize=0, loopstart=0, loopend=0, mode=0x00000000, channelmask=0x00000000, channelorder=0, peakvolume=0.044159.
[LOG] SystemI::createSoundInternal             : Create name='', mode=0x02000202
[LOG] SystemI::createSoundInternal             : exinfo->cbsize             = 224
[LOG] SystemI::createSoundInternal             : exinfo->length             = 2876032
[LOG] SystemI::createSoundInternal             : exinfo->fileoffset         = 27136
[LOG] SystemI::createSoundInternal             : exinfo->numsubsounds       = 1
[LOG] SystemI::createSoundInternal             : exinfo->inclusionlist      = 0x700001ec78cc
[LOG] SystemI::createSoundInternal             : exinfo->inclusionlistnum   = 1
[LOG] SystemI::createSoundInternal             : exinfo->suggestedsoundtype = 5
[LOG] SystemI::createSoundInternal             : exinfo->useropen           = 0x142c4ad46
[LOG] SystemI::createSoundInternal             : exinfo->userclose          = 0x142c4adfd
[LOG] SystemI::createSoundInternal             : exinfo->userread           = 0x142c4ae2d
[LOG] SystemI::createSoundInternal             : exinfo->userseek           = 0x142c4aece
[LOG] SystemI::createSoundInternal             : exinfo->fileuserdata       = 0x7f9cb8cc9428
[LOG] SystemI::createSoundInternal             : exinfo->initialseekpostype = 1
[LOG] SystemI::DSPCodecPoolRegister            : register codec pool for pool type 5
[LOG] SystemI::createSoundInternal             : Sample 0/1: name='Land 2', format=2, channels=2, frequency=48000, lengthbytes=4384, lengthpcm=16500, pcmblocksize=0, loopstart=0, loopend=0, mode=0x00000000, channelmask=0x00000000, channelorder=0, peakvolume=0.029663.
[LOG] SystemI::createSoundInternal             : Create name='', mode=0x02000202
[LOG] SystemI::createSoundInternal             : exinfo->cbsize             = 224
[LOG] SystemI::createSoundInternal             : exinfo->length             = 2876032
[LOG] SystemI::createSoundInternal             : exinfo->fileoffset         = 27136
[LOG] SystemI::createSoundInternal             : exinfo->numsubsounds       = 1
[LOG] SystemI::createSoundInternal             : exinfo->inclusionlist      = 0x700001ec78cc
[LOG] SystemI::createSoundInternal             : exinfo->inclusionlistnum   = 1
[LOG] SystemI::createSoundInternal             : exinfo->suggestedsoundtype = 5
[LOG] SystemI::createSoundInternal             : exinfo->useropen           = 0x142c4ad46
[LOG] SystemI::createSoundInternal             : exinfo->userclose          = 0x142c4adfd
[LOG] SystemI::createSoundInternal             : exinfo->userread           = 0x142c4ae2d
[LOG] SystemI::createSoundInternal             : exinfo->userseek           = 0x142c4aece
[LOG] SystemI::createSoundInternal             : exinfo->fileuserdata       = 0x7f9cb8cc9428
[LOG] SystemI::createSoundInternal             : exinfo->initialseekpostype = 1
[LOG] SystemI::DSPCodecPoolRegister            : register codec pool for pool type 5
[LOG] SystemI::createSoundInternal             : Sample 0/1: name='Land 4', format=2, channels=2, frequency=48000, lengthbytes=2784, lengthpcm=9375, pcmblocksize=0, loopstart=0, loopend=0, mode=0x00000000, channelmask=0x00000000, channelorder=0, peakvolume=0.042084.
[LOG] SystemI::createSoundInternal             : Create name='', mode=0x02000202
[LOG] SystemI::createSoundInternal             : exinfo->cbsize             = 224
[LOG] SystemI::createSoundInternal             : exinfo->length             = 2876032
[LOG] SystemI::createSoundInternal             : exinfo->fileoffset         = 27136
[LOG] SystemI::createSoundInternal             : exinfo->numsubsounds       = 1
[LOG] SystemI::createSoundInternal             : exinfo->inclusionlist      = 0x700001ec78cc
[LOG] SystemI::createSoundInternal             : exinfo->inclusionlistnum   = 1
[LOG] SystemI::createSoundInternal             : exinfo->suggestedsoundtype = 5
[LOG] SystemI::createSoundInternal             : exinfo->useropen           = 0x142c4ad46
[LOG] SystemI::createSoundInternal             : exinfo->userclose          = 0x142c4adfd
[LOG] SystemI::createSoundInternal             : exinfo->userread           = 0x142c4ae2d
[LOG] SystemI::createSoundInternal             : exinfo->userseek           = 0x142c4aece
[LOG] SystemI::createSoundInternal             : exinfo->fileuserdata       = 0x7f9cb8cd6d98
[LOG] SystemI::createSoundInternal             : exinfo->initialseekpostype = 1
[LOG] SystemI::DSPCodecPoolRegister            : register codec pool for pool type 5
[LOG] SystemI::createSoundInternal             : Sample 0/1: name='Jump 2', format=2, channels=2, frequency=48000, lengthbytes=1760, lengthpcm=7500, pcmblocksize=0, loopstart=0, loopend=0, mode=0x00000000, channelmask=0x00000000, channelorder=0, peakvolume=0.011444.
[LOG] SystemI::createSoundInternal             : Create name='', mode=0x02000202
[LOG] SystemI::createSoundInternal             : exinfo->cbsize             = 224
[LOG] SystemI::createSoundInternal             : exinfo->length             = 2876032
[LOG] SystemI::createSoundInternal             : exinfo->fileoffset         = 27136
[LOG] SystemI::createSoundInternal             : exinfo->numsubsounds       = 1
[LOG] SystemI::createSoundInternal             : exinfo->inclusionlist      = 0x700001ec78cc
[LOG] SystemI::createSoundInternal             : exinfo->inclusionlistnum   = 1
[LOG] SystemI::createSoundInternal             : exinfo->suggestedsoundtype = 5
[LOG] SystemI::createSoundInternal             : exinfo->useropen           = 0x142c4ad46
[LOG] SystemI::createSoundInternal             : exinfo->userclose          = 0x142c4adfd
[LOG] SystemI::createSoundInternal             : exinfo->userread           = 0x142c4ae2d
[LOG] SystemI::createSoundInternal             : exinfo->userseek           = 0x142c4aece
[LOG] SystemI::createSoundInternal             : exinfo->fileuserdata       = 0x7f9cb8cd6d98
[LOG] SystemI::createSoundInternal             : exinfo->initialseekpostype = 1
[LOG] SystemI::DSPCodecPoolRegister            : register codec pool for pool type 5
[LOG] SystemI::createSoundInternal             : Sample 0/1: name='Jump 4', format=2, channels=2, frequency=48000, lengthbytes=1376, lengthpcm=6000, pcmblocksize=0, loopstart=0, loopend=0, mode=0x00000000, channelmask=0x00000000, channelorder=0, peakvolume=0.022156.
[LOG] SystemI::createSoundInternal             : Create name='', mode=0x02000202
[LOG] SystemI::createSoundInternal             : exinfo->cbsize             = 224
[LOG] SystemI::createSoundInternal             : exinfo->length             = 2876032
[LOG] SystemI::createSoundInternal             : exinfo->fileoffset         = 27136
[LOG] SystemI::createSoundInternal             : exinfo->numsubsounds       = 1
[LOG] SystemI::createSoundInternal             : exinfo->inclusionlist      = 0x700001ec78cc
[LOG] SystemI::createSoundInternal             : exinfo->inclusionlistnum   = 1
[LOG] SystemI::createSoundInternal             : exinfo->suggestedsoundtype = 5
[LOG] SystemI::createSoundInternal             : exinfo->useropen           = 0x142c4ad46
[LOG] SystemI::createSoundInternal             : exinfo->userclose          = 0x142c4adfd
[LOG] SystemI::createSoundInternal             : exinfo->userread           = 0x142c4ae2d
[LOG] SystemI::createSoundInternal             : exinfo->userseek           = 0x142c4aece
[LOG] SystemI::createSoundInternal             : exinfo->fileuserdata       = 0x7f9cb8cd6d98
[LOG] SystemI::createSoundInternal             : exinfo->initialseekpostype = 1
[LOG] SystemI::DSPCodecPoolRegister            : register codec pool for pool type 5
[LOG] SystemI::createSoundInternal             : Sample 0/1: name='Jump 1', format=2, channels=2, frequency=48000, lengthbytes=2016, lengthpcm=8813, pcmblocksize=0, loopstart=0, loopend=0, mode=0x00000000, channelmask=0x00000000, channelorder=0, peakvolume=0.013428.
[LOG] SystemI::createSoundInternal             : Create name='', mode=0x02000202
[LOG] SystemI::createSoundInternal             : exinfo->cbsize             = 224
[LOG] SystemI::createSoundInternal             : exinfo->length             = 2876032
[LOG] SystemI::createSoundInternal             : exinfo->fileoffset         = 27136
[LOG] SystemI::createSoundInternal             : exinfo->numsubsounds       = 1
[LOG] SystemI::createSoundInternal             : exinfo->inclusionlist      = 0x700001ec78cc
[LOG] SystemI::createSoundInternal             : exinfo->inclusionlistnum   = 1
[LOG] SystemI::createSoundInternal             : exinfo->suggestedsoundtype = 5
[LOG] SystemI::createSoundInternal             : exinfo->useropen           = 0x142c4ad46
[LOG] SystemI::createSoundInternal             : exinfo->userclose          = 0x142c4adfd
[LOG] SystemI::createSoundInternal             : exinfo->userread           = 0x142c4ae2d
[LOG] SystemI::createSoundInternal             : exinfo->userseek           = 0x142c4aece
[LOG] SystemI::createSoundInternal             : exinfo->fileuserdata       = 0x7f9cb8cd6d98
[LOG] SystemI::createSoundInternal             : exinfo->initialseekpostype = 1
[LOG] SystemI::DSPCodecPoolRegister            : register codec pool for pool type 5
[LOG] SystemI::createSoundInternal             : Sample 0/1: name='Jump 3', format=2, channels=2, frequency=48000, lengthbytes=1792, lengthpcm=7875, pcmblocksize=0, loopstart=0, loopend=0, mode=0x00000000, channelmask=0x00000000, channelorder=0, peakvolume=0.011658.
[LOG] SystemI::createSoundInternal             : Create name='', mode=0x02000202
[LOG] SystemI::createSoundInternal             : exinfo->cbsize             = 224
[LOG] SystemI::createSoundInternal             : exinfo->length             = 2876032
[LOG] SystemI::createSoundInternal             : exinfo->fileoffset         = 27136
[LOG] SystemI::createSoundInternal             : exinfo->numsubsounds       = 1
[LOG] SystemI::createSoundInternal             : exinfo->inclusionlist      = 0x700001ec78cc
[LOG] SystemI::createSoundInternal             : exinfo->inclusionlistnum   = 1
[LOG] SystemI::createSoundInternal             : exinfo->suggestedsoundtype = 5
[LOG] SystemI::createSoundInternal             : exinfo->useropen           = 0x142c4ad46
[LOG] SystemI::createSoundInternal             : exinfo->userclose          = 0x142c4adfd
[LOG] SystemI::createSoundInternal             : exinfo->userread           = 0x142c4ae2d
[LOG] SystemI::createSoundInternal             : exinfo->userseek           = 0x142c4aece
[LOG] SystemI::createSoundInternal             : exinfo->fileuserdata       = 0x7f9cb8e834a8
[LOG] SystemI::createSoundInternal             : exinfo->initialseekpostype = 1
[LOG] SystemI::DSPCodecPoolRegister            : register codec pool for pool type 5
[LOG] SystemI::createSoundInternal             : Sample 0/1: name='Damage 4', format=2, channels=2, frequency=48000, lengthbytes=3808, lengthpcm=15469, pcmblocksize=0, loopstart=0, loopend=0, mode=0x00000000, channelmask=0x00000000, channelorder=0, peakvolume=0.168182.
[LOG] SystemI::createSoundInternal             : Create name='', mode=0x02000202
[LOG] SystemI::createSoundInternal             : exinfo->cbsize             = 224
[LOG] SystemI::createSoundInternal             : exinfo->length             = 2876032
[LOG] SystemI::createSoundInternal             : exinfo->fileoffset         = 27136
[LOG] SystemI::createSoundInternal             : exinfo->numsubsounds       = 1
[LOG] SystemI::createSoundInternal             : exinfo->inclusionlist      = 0x700001ec78cc
[LOG] SystemI::createSoundInternal             : exinfo->inclusionlistnum   = 1
[LOG] SystemI::createSoundInternal             : exinfo->suggestedsoundtype = 5
[LOG] SystemI::createSoundInternal             : exinfo->useropen           = 0x142c4ad46
[LOG] SystemI::createSoundInternal             : exinfo->userclose          = 0x142c4adfd
[LOG] SystemI::createSoundInternal             : exinfo->userread           = 0x142c4ae2d
[LOG] SystemI::createSoundInternal             : exinfo->userseek           = 0x142c4aece
[LOG] SystemI::createSoundInternal             : exinfo->fileuserdata       = 0x7f9cb8e834a8
[LOG] SystemI::createSoundInternal             : exinfo->initialseekpostype = 1
[LOG] SystemI::DSPCodecPoolRegister            : register codec pool for pool type 5
[LOG] SystemI::createSoundInternal             : Sample 0/1: name='Damage 1', format=2, channels=2, frequency=48000, lengthbytes=4224, lengthpcm=15750, pcmblocksize=0, loopstart=0, loopend=0, mode=0x00000000, channelmask=0x00000000, channelorder=0, peakvolume=0.269287.
[LOG] SystemI::createSoundInternal             : Create name='', mode=0x02000202
[LOG] SystemI::createSoundInternal             : exinfo->cbsize             = 224
[LOG] SystemI::createSoundInternal             : exinfo->length             = 2876032
[LOG] SystemI::createSoundInternal             : exinfo->fileoffset         = 27136
[LOG] SystemI::createSoundInternal             : exinfo->numsubsounds       = 1
[LOG] SystemI::createSoundInternal             : exinfo->inclusionlist      = 0x700001ec78cc
[LOG] SystemI::createSoundInternal             : exinfo->inclusionlistnum   = 1
[LOG] SystemI::createSoundInternal             : exinfo->suggestedsoundtype = 5
[LOG] SystemI::createSoundInternal             : exinfo->useropen           = 0x142c4ad46
[LOG] SystemI::createSoundInternal             : exinfo->userclose          = 0x142c4adfd
[LOG] SystemI::createSoundInternal             : exinfo->userread           = 0x142c4ae2d
[LOG] SystemI::createSoundInternal             : exinfo->userseek           = 0x142c4aece
[LOG] SystemI::createSoundInternal             : exinfo->fileuserdata       = 0x7f9cb8e834a8
[LOG] SystemI::createSoundInternal             : exinfo->initialseekpostype = 1
[LOG] SystemI::DSPCodecPoolRegister            : register codec pool for pool type 5
[LOG] SystemI::createSoundInternal             : Sample 0/1: name='Damage 2', format=2, channels=2, frequency=48000, lengthbytes=5024, lengthpcm=18000, pcmblocksize=0, loopstart=0, loopend=0, mode=0x00000000, channelmask=0x00000000, channelorder=0, peakvolume=0.180664.
[LOG] SystemI::createSoundInternal             : Create name='', mode=0x02000202
[LOG] SystemI::createSoundInternal             : exinfo->cbsize             = 224
[LOG] SystemI::createSoundInternal             : exinfo->length             = 2876032
[LOG] SystemI::createSoundInternal             : exinfo->fileoffset         = 27136
[LOG] SystemI::createSoundInternal             : exinfo->numsubsounds       = 1
[LOG] SystemI::createSoundInternal             : exinfo->inclusionlist      = 0x700001ec78cc
[LOG] SystemI::createSoundInternal             : exinfo->inclusionlistnum   = 1
[LOG] SystemI::createSoundInternal             : exinfo->suggestedsoundtype = 5
[LOG] SystemI::createSoundInternal             : exinfo->useropen           = 0x142c4ad46
[LOG] SystemI::createSoundInternal             : exinfo->userclose          = 0x142c4adfd
[LOG] SystemI::createSoundInternal             : exinfo->userread           = 0x142c4ae2d
[LOG] SystemI::createSoundInternal             : exinfo->userseek           = 0x142c4aece
[LOG] SystemI::createSoundInternal             : exinfo->fileuserdata       = 0x7f9cb8e834a8
[LOG] SystemI::createSoundInternal             : exinfo->initialseekpostype = 1
[LOG] SystemI::DSPCodecPoolRegister            : register codec pool for pool type 5
[LOG] SystemI::createSoundInternal             : Sample 0/1: name='Damage 3', format=2, channels=2, frequency=48000, lengthbytes=5760, lengthpcm=22125, pcmblocksize=0, loopstart=0, loopend=0, mode=0x00000000, channelmask=0x00000000, channelorder=0, peakvolume=0.218597.
[LOG] SoundI::release                          : Jungle Ambiance (0x7f9cea9df868)
[LOG] SoundI::release                          :     Jungle Ambiance (0x7f9cc99f89a8)
[LOG] SoundI::release                          :     Jungle Ambiance (0x7f9cc9aeb3f8)
[LOG] SoundI::release                          :  (0x7f9cb8cd00b8)
[LOG] SoundI::release                          :     Jump 1 (0x7f9cb8c0b598)
[LOG] SoundI::release                          :  (0x7f9cb8c670d8)
[LOG] SoundI::release                          :     Jump 2 (0x7f9cb8c43588)
[LOG] SoundI::release                          :  (0x7f9cb8cbd278)
[LOG] SoundI::release                          :     Jump 3 (0x7f9cb8c61e18)
[LOG] SoundI::release                          :  (0x7f9cb8cdc6f8)
[LOG] SoundI::release                          :     Jump 4 (0x7f9cb8cfb3a8)
[LOG] SoundI::release                          :  (0x7f9cb8c548a8)
[LOG] SoundI::release                          :     Damage 1 (0x7f9cb8cd2278)
[LOG] SoundI::release                          :  (0x7f9cb8c3bf78)
[LOG] SoundI::release                          :     Damage 2 (0x7f9cb8cbaf28)
[LOG] SoundI::release                          :  (0x7f9cb8c3a3d8)
[LOG] SoundI::release                          :     Damage 3 (0x7f9cb8cab528)
[LOG] SoundI::release                          :  (0x7f9cb8c65788)
[LOG] SoundI::release                          :     Damage 4 (0x7f9cb8c5d298)
[LOG] SoundI::release                          :  (0x7f9cb8cb6348)
[LOG] SoundI::release                          :     Land 2 (0x7f9cb8cb64b8)
[LOG] SoundI::release                          :  (0x7f9cb8cc1188)
[LOG] SoundI::release                          :     Land 3 (0x7f9cb8cc12f8)
[LOG] SoundI::release                          :  (0x7f9cb8ca99b8)
[LOG] SoundI::release                          :     Land 4 (0x7f9cb8ca9b28)
[LOG] SoundI::release                          :  (0x7f9cc8d8b2b8)
[LOG] SoundI::release                          :     Slimed Footstep 1 (0x7f9cc8d84138)
[LOG] SoundI::release                          :  (0x7f9cc8d7aca8)
[LOG] SoundI::release                          :     Slimed footsteps 2 (0x7f9cc8d817d8)
[LOG] SoundI::release                          :  (0x7f9cc8de1618)
[LOG] SoundI::release                          :     Slimed footsteps 3 (0x7f9cc8dafca8)
[LOG] SoundI::release                          :  (0x7f9cc8d2d3b8)
[LOG] SoundI::release                          :     Slimed footsteps 5 (0x7f9cc8d7c758)
[LOG] SoundI::release                          :  (0x7f9cc8deec18)
[LOG] SoundI::release                          :     Normal Footstep 1 (0x7f9cc8d8e568)
[LOG] SoundI::release                          :  (0x7f9cc8d90088)
[LOG] SoundI::release                          :     Normal Footstep 2 (0x7f9cc8d87a38)
[LOG] SoundI::release                          :  (0x7f9cc8dede78)
[LOG] SoundI::release                          :     Normal Footstep 7 (0x7f9cc8d9a158)
[LOG] SoundI::release                          :  (0x7f9cc8d90678)
[LOG] SoundI::release                          :     Normal Footstep 4 (0x7f9cc8de9c48)
[LOG] Thread::callback                         : FMOD Studio update thread finished.
[LOG] Thread::callback                         : FMOD Studio bank load thread finished.
[LOG] Profile::disconnectAll                   : Profiler disconnecting all clients
[LOG] Thread::callback                         : FMOD Studio sample load thread finished.
[LOG] LiveUpdate::release                      : 
[LOG] LiveUpdate::reset                        : Reset connection (reason Disconnected)
[LOG] Thread::callback                         : FMOD stream thread finished.
[LOG] Thread::callback                         : FMOD mixer thread finished.
[LOG] Profile::disconnectAll                   : Profiler disconnecting all clients
[LOG] SystemI::close                           : Closed.
[LOG] Manager::readBank                        : fileversion = 119, compatVersion = 119 (oldest = 44, newest = 119)
[LOG] Manager::readBank                        : fileversion = 119, compatVersion = 119 (oldest = 44, newest = 119)
[LOG] Manager::readBank                        : fileversion = 119, compatVersion = 119 (oldest = 44, newest = 119)
[LOG] Manager::readBank                        : fileversion = 119, compatVersion = 119 (oldest = 44, newest = 119)
[LOG] Manager::readBank                        : fileversion = 119, compatVersion = 119 (oldest = 44, newest = 119)
[LOG] PlaybackSystem::acquireMasterBus         : Setting master channel group format to 6
